<?xml version="1.0" encoding="UTF-8"?>
<testsuite xmlns:xsi="http://www.w3.org/2001/XMLSchema-instance" xsi:noNamespaceSchemaLocation="https://maven.apache.org/surefire/maven-surefire-plugin/xsd/surefire-test-report.xsd" name="com.rabbiter.UserPaidOrderApplicationTests" time="2.676" tests="1" errors="0" skipped="0" failures="0">
  <properties>
    <property name="sun.desktop" value="windows"/>
    <property name="awt.toolkit" value="sun.awt.windows.WToolkit"/>
    <property name="file.encoding.pkg" value="sun.io"/>
    <property name="java.specification.version" value="1.8"/>
    <property name="sun.cpu.isalist" value="amd64"/>
    <property name="sun.jnu.encoding" value="GBK"/>
    <property name="java.class.path" value="D:\IdeaProjects\WarehouseManager\UserPaidOrderApi - idea\target\test-classes;D:\IdeaProjects\WarehouseManager\UserPaidOrderApi - idea\target\classes;D:\software\Maven\Maven-Repository\org\springframework\boot\spring-boot-starter\2.7.5\spring-boot-starter-2.7.5.jar;D:\software\Maven\Maven-Repository\org\springframework\boot\spring-boot\2.7.5\spring-boot-2.7.5.jar;D:\software\Maven\Maven-Repository\org\springframework\spring-context\5.3.23\spring-context-5.3.23.jar;D:\software\Maven\Maven-Repository\org\springframework\boot\spring-boot-autoconfigure\2.7.5\spring-boot-autoconfigure-2.7.5.jar;D:\software\Maven\Maven-Repository\org\springframework\boot\spring-boot-starter-logging\2.7.5\spring-boot-starter-logging-2.7.5.jar;D:\software\Maven\Maven-Repository\ch\qos\logback\logback-classic\1.2.11\logback-classic-1.2.11.jar;D:\software\Maven\Maven-Repository\ch\qos\logback\logback-core\1.2.11\logback-core-1.2.11.jar;D:\software\Maven\Maven-Repository\org\apache\logging\log4j\log4j-to-slf4j\2.17.2\log4j-to-slf4j-2.17.2.jar;D:\software\Maven\Maven-Repository\org\apache\logging\log4j\log4j-api\2.17.2\log4j-api-2.17.2.jar;D:\software\Maven\Maven-Repository\org\slf4j\jul-to-slf4j\1.7.36\jul-to-slf4j-1.7.36.jar;D:\software\Maven\Maven-Repository\jakarta\annotation\jakarta.annotation-api\1.3.5\jakarta.annotation-api-1.3.5.jar;D:\software\Maven\Maven-Repository\org\springframework\spring-core\5.3.23\spring-core-5.3.23.jar;D:\software\Maven\Maven-Repository\org\springframework\spring-jcl\5.3.23\spring-jcl-5.3.23.jar;D:\software\Maven\Maven-Repository\org\yaml\snakeyaml\1.30\snakeyaml-1.30.jar;D:\software\Maven\Maven-Repository\org\springframework\boot\spring-boot-starter-test\2.7.5\spring-boot-starter-test-2.7.5.jar;D:\software\Maven\Maven-Repository\org\springframework\boot\spring-boot-test\2.7.5\spring-boot-test-2.7.5.jar;D:\software\Maven\Maven-Repository\org\springframework\boot\spring-boot-test-autoconfigure\2.7.5\spring-boot-test-autoconfigure-2.7.5.jar;D:\software\Maven\Maven-Repository\com\jayway\jsonpath\json-path\2.7.0\json-path-2.7.0.jar;D:\software\Maven\Maven-Repository\net\minidev\json-smart\2.4.8\json-smart-2.4.8.jar;D:\software\Maven\Maven-Repository\net\minidev\accessors-smart\2.4.8\accessors-smart-2.4.8.jar;D:\software\Maven\Maven-Repository\jakarta\xml\bind\jakarta.xml.bind-api\2.3.3\jakarta.xml.bind-api-2.3.3.jar;D:\software\Maven\Maven-Repository\jakarta\activation\jakarta.activation-api\1.2.2\jakarta.activation-api-1.2.2.jar;D:\software\Maven\Maven-Repository\org\assertj\assertj-core\3.22.0\assertj-core-3.22.0.jar;D:\software\Maven\Maven-Repository\org\hamcrest\hamcrest\2.2\hamcrest-2.2.jar;D:\software\Maven\Maven-Repository\org\junit\jupiter\junit-jupiter\5.8.2\junit-jupiter-5.8.2.jar;D:\software\Maven\Maven-Repository\org\junit\jupiter\junit-jupiter-api\5.8.2\junit-jupiter-api-5.8.2.jar;D:\software\Maven\Maven-Repository\org\opentest4j\opentest4j\1.2.0\opentest4j-1.2.0.jar;D:\software\Maven\Maven-Repository\org\junit\platform\junit-platform-commons\1.8.2\junit-platform-commons-1.8.2.jar;D:\software\Maven\Maven-Repository\org\apiguardian\apiguardian-api\1.1.2\apiguardian-api-1.1.2.jar;D:\software\Maven\Maven-Repository\org\junit\jupiter\junit-jupiter-params\5.8.2\junit-jupiter-params-5.8.2.jar;D:\software\Maven\Maven-Repository\org\junit\jupiter\junit-jupiter-engine\5.8.2\junit-jupiter-engine-5.8.2.jar;D:\software\Maven\Maven-Repository\org\junit\platform\junit-platform-engine\1.8.2\junit-platform-engine-1.8.2.jar;D:\software\Maven\Maven-Repository\org\mockito\mockito-core\4.0.0\mockito-core-4.0.0.jar;D:\software\Maven\Maven-Repository\net\bytebuddy\byte-buddy\1.12.18\byte-buddy-1.12.18.jar;D:\software\Maven\Maven-Repository\net\bytebuddy\byte-buddy-agent\1.12.18\byte-buddy-agent-1.12.18.jar;D:\software\Maven\Maven-Repository\org\objenesis\objenesis\3.2\objenesis-3.2.jar;D:\software\Maven\Maven-Repository\org\mockito\mockito-junit-jupiter\4.0.0\mockito-junit-jupiter-4.0.0.jar;D:\software\Maven\Maven-Repository\org\skyscreamer\jsonassert\1.5.1\jsonassert-1.5.1.jar;D:\software\Maven\Maven-Repository\com\vaadin\external\google\android-json\0.0.20131108.vaadin1\android-json-0.0.20131108.vaadin1.jar;D:\software\Maven\Maven-Repository\org\springframework\spring-test\5.3.23\spring-test-5.3.23.jar;D:\software\Maven\Maven-Repository\org\xmlunit\xmlunit-core\2.9.0\xmlunit-core-2.9.0.jar;D:\software\Maven\Maven-Repository\org\springframework\boot\spring-boot-starter-web\2.7.5\spring-boot-starter-web-2.7.5.jar;D:\software\Maven\Maven-Repository\org\springframework\boot\spring-boot-starter-json\2.7.5\spring-boot-starter-json-2.7.5.jar;D:\software\Maven\Maven-Repository\com\fasterxml\jackson\core\jackson-databind\2.13.4.2\jackson-databind-2.13.4.2.jar;D:\software\Maven\Maven-Repository\com\fasterxml\jackson\core\jackson-annotations\2.13.4\jackson-annotations-2.13.4.jar;D:\software\Maven\Maven-Repository\com\fasterxml\jackson\core\jackson-core\2.13.4\jackson-core-2.13.4.jar;D:\software\Maven\Maven-Repository\com\fasterxml\jackson\datatype\jackson-datatype-jdk8\2.13.4\jackson-datatype-jdk8-2.13.4.jar;D:\software\Maven\Maven-Repository\com\fasterxml\jackson\datatype\jackson-datatype-jsr310\2.13.4\jackson-datatype-jsr310-2.13.4.jar;D:\software\Maven\Maven-Repository\com\fasterxml\jackson\module\jackson-module-parameter-names\2.13.4\jackson-module-parameter-names-2.13.4.jar;D:\software\Maven\Maven-Repository\org\springframework\boot\spring-boot-starter-tomcat\2.7.5\spring-boot-starter-tomcat-2.7.5.jar;D:\software\Maven\Maven-Repository\org\apache\tomcat\embed\tomcat-embed-core\9.0.68\tomcat-embed-core-9.0.68.jar;D:\software\Maven\Maven-Repository\org\apache\tomcat\embed\tomcat-embed-el\9.0.68\tomcat-embed-el-9.0.68.jar;D:\software\Maven\Maven-Repository\org\apache\tomcat\embed\tomcat-embed-websocket\9.0.68\tomcat-embed-websocket-9.0.68.jar;D:\software\Maven\Maven-Repository\org\springframework\spring-web\5.3.23\spring-web-5.3.23.jar;D:\software\Maven\Maven-Repository\org\springframework\spring-beans\5.3.23\spring-beans-5.3.23.jar;D:\software\Maven\Maven-Repository\org\springframework\spring-webmvc\5.3.23\spring-webmvc-5.3.23.jar;D:\software\Maven\Maven-Repository\org\springframework\spring-aop\5.3.23\spring-aop-5.3.23.jar;D:\software\Maven\Maven-Repository\org\springframework\spring-expression\5.3.23\spring-expression-5.3.23.jar;D:\software\Maven\Maven-Repository\mysql\mysql-connector-java\8.0.30\mysql-connector-java-8.0.30.jar;D:\software\Maven\Maven-Repository\org\projectlombok\lombok\1.18.24\lombok-1.18.24.jar;D:\software\Maven\Maven-Repository\com\baomidou\mybatis-plus-boot-starter\3.5.0\mybatis-plus-boot-starter-3.5.0.jar;D:\software\Maven\Maven-Repository\com\baomidou\mybatis-plus\3.5.0\mybatis-plus-3.5.0.jar;D:\software\Maven\Maven-Repository\com\baomidou\mybatis-plus-extension\3.5.0\mybatis-plus-extension-3.5.0.jar;D:\software\Maven\Maven-Repository\com\baomidou\mybatis-plus-core\3.5.0\mybatis-plus-core-3.5.0.jar;D:\software\Maven\Maven-Repository\com\baomidou\mybatis-plus-annotation\3.5.0\mybatis-plus-annotation-3.5.0.jar;D:\software\Maven\Maven-Repository\com\github\jsqlparser\jsqlparser\4.3\jsqlparser-4.3.jar;D:\software\Maven\Maven-Repository\org\mybatis\mybatis\3.5.9\mybatis-3.5.9.jar;D:\software\Maven\Maven-Repository\org\mybatis\mybatis-spring\2.0.6\mybatis-spring-2.0.6.jar;D:\software\Maven\Maven-Repository\org\springframework\boot\spring-boot-starter-jdbc\2.7.5\spring-boot-starter-jdbc-2.7.5.jar;D:\software\Maven\Maven-Repository\com\zaxxer\HikariCP\4.0.3\HikariCP-4.0.3.jar;D:\software\Maven\Maven-Repository\org\springframework\spring-jdbc\5.3.23\spring-jdbc-5.3.23.jar;D:\software\Maven\Maven-Repository\org\springframework\spring-tx\5.3.23\spring-tx-5.3.23.jar;D:\software\Maven\Maven-Repository\org\freemarker\freemarker\2.3.30\freemarker-2.3.30.jar;D:\software\Maven\Maven-Repository\com\spring4all\spring-boot-starter-swagger\1.5.1.RELEASE\spring-boot-starter-swagger-1.5.1.RELEASE.jar;D:\software\Maven\Maven-Repository\io\springfox\springfox-swagger-ui\2.7.0\springfox-swagger-ui-2.7.0.jar;D:\software\Maven\Maven-Repository\io\springfox\springfox-spring-web\2.7.0\springfox-spring-web-2.7.0.jar;D:\software\Maven\Maven-Repository\org\reflections\reflections\0.9.11\reflections-0.9.11.jar;D:\software\Maven\Maven-Repository\org\javassist\javassist\3.21.0-GA\javassist-3.21.0-GA.jar;D:\software\Maven\Maven-Repository\io\springfox\springfox-swagger2\2.7.0\springfox-swagger2-2.7.0.jar;D:\software\Maven\Maven-Repository\io\swagger\swagger-annotations\1.5.13\swagger-annotations-1.5.13.jar;D:\software\Maven\Maven-Repository\io\swagger\swagger-models\1.5.13\swagger-models-1.5.13.jar;D:\software\Maven\Maven-Repository\io\springfox\springfox-spi\2.7.0\springfox-spi-2.7.0.jar;D:\software\Maven\Maven-Repository\io\springfox\springfox-core\2.7.0\springfox-core-2.7.0.jar;D:\software\Maven\Maven-Repository\io\springfox\springfox-schema\2.7.0\springfox-schema-2.7.0.jar;D:\software\Maven\Maven-Repository\io\springfox\springfox-swagger-common\2.7.0\springfox-swagger-common-2.7.0.jar;D:\software\Maven\Maven-Repository\com\google\guava\guava\18.0\guava-18.0.jar;D:\software\Maven\Maven-Repository\com\fasterxml\classmate\1.5.1\classmate-1.5.1.jar;D:\software\Maven\Maven-Repository\org\springframework\plugin\spring-plugin-core\1.2.0.RELEASE\spring-plugin-core-1.2.0.RELEASE.jar;D:\software\Maven\Maven-Repository\org\springframework\plugin\spring-plugin-metadata\1.2.0.RELEASE\spring-plugin-metadata-1.2.0.RELEASE.jar;D:\software\Maven\Maven-Repository\org\mapstruct\mapstruct\1.1.0.Final\mapstruct-1.1.0.Final.jar;D:\software\Maven\Maven-Repository\io\springfox\springfox-bean-validators\2.7.0\springfox-bean-validators-2.7.0.jar;D:\software\Maven\Maven-Repository\com\alibaba\easyexcel\2.2.6\easyexcel-2.2.6.jar;D:\software\Maven\Maven-Repository\org\apache\poi\poi\3.17\poi-3.17.jar;D:\software\Maven\Maven-Repository\org\apache\commons\commons-collections4\4.1\commons-collections4-4.1.jar;D:\software\Maven\Maven-Repository\org\apache\poi\poi-ooxml\3.17\poi-ooxml-3.17.jar;D:\software\Maven\Maven-Repository\com\github\virtuald\curvesapi\1.04\curvesapi-1.04.jar;D:\software\Maven\Maven-Repository\org\apache\poi\poi-ooxml-schemas\3.17\poi-ooxml-schemas-3.17.jar;D:\software\Maven\Maven-Repository\org\apache\xmlbeans\xmlbeans\2.6.0\xmlbeans-2.6.0.jar;D:\software\Maven\Maven-Repository\stax\stax-api\1.0.1\stax-api-1.0.1.jar;D:\software\Maven\Maven-Repository\cglib\cglib\3.1\cglib-3.1.jar;D:\software\Maven\Maven-Repository\org\ow2\asm\asm\4.2\asm-4.2.jar;D:\software\Maven\Maven-Repository\org\slf4j\slf4j-api\1.7.36\slf4j-api-1.7.36.jar;D:\software\Maven\Maven-Repository\org\ehcache\ehcache\3.10.2\ehcache-3.10.2.jar;D:\software\Maven\Maven-Repository\javax\cache\cache-api\1.1.1\cache-api-1.1.1.jar;D:\software\Maven\Maven-Repository\org\glassfish\jaxb\jaxb-runtime\2.3.7\jaxb-runtime-2.3.7.jar;D:\software\Maven\Maven-Repository\org\glassfish\jaxb\txw2\2.3.7\txw2-2.3.7.jar;D:\software\Maven\Maven-Repository\com\sun\istack\istack-commons-runtime\3.0.12\istack-commons-runtime-3.0.12.jar;D:\software\Maven\Maven-Repository\com\sun\activation\jakarta.activation\1.2.2\jakarta.activation-1.2.2.jar;D:\software\Maven\Maven-Repository\javax\servlet\servlet-api\2.5\servlet-api-2.5.jar;D:\software\Maven\Maven-Repository\org\apache\httpcomponents\httpclient\4.5.13\httpclient-4.5.13.jar;D:\software\Maven\Maven-Repository\commons-codec\commons-codec\1.15\commons-codec-1.15.jar;D:\software\Maven\Maven-Repository\org\apache\httpcomponents\httpcore\4.4.15\httpcore-4.4.15.jar;D:\software\Maven\Maven-Repository\com\alibaba\fastjson\1.2.74\fastjson-1.2.74.jar;D:\software\Maven\Maven-Repository\org\apache\commons\commons-lang3\3.12.0\commons-lang3-3.12.0.jar;"/>
    <property name="java.vm.vendor" value="Oracle Corporation"/>
    <property name="sun.arch.data.model" value="64"/>
    <property name="user.variant" value=""/>
    <property name="java.vendor.url" value="http://java.oracle.com/"/>
    <property name="user.timezone" value="Asia/Shanghai"/>
    <property name="java.vm.specification.version" value="1.8"/>
    <property name="os.name" value="Windows 10"/>
    <property name="user.country" value="CN"/>
    <property name="sun.java.launcher" value="SUN_STANDARD"/>
    <property name="sun.boot.library.path" value="D:\software\JDK\jre\bin"/>
    <property name="sun.java.command" value="C:\Users\ADMINI~1\AppData\Local\Temp\surefire3944147490205580607\surefirebooter5768028453052075336.jar C:\Users\Administrator\AppData\Local\Temp\surefire3944147490205580607 2025-04-19T17-05-18_263-jvmRun1 surefire1135929941650733493tmp surefire_07100783665311845446tmp"/>
    <property name="surefire.test.class.path" value="D:\IdeaProjects\WarehouseManager\UserPaidOrderApi - idea\target\test-classes;D:\IdeaProjects\WarehouseManager\UserPaidOrderApi - idea\target\classes;D:\software\Maven\Maven-Repository\org\springframework\boot\spring-boot-starter\2.7.5\spring-boot-starter-2.7.5.jar;D:\software\Maven\Maven-Repository\org\springframework\boot\spring-boot\2.7.5\spring-boot-2.7.5.jar;D:\software\Maven\Maven-Repository\org\springframework\spring-context\5.3.23\spring-context-5.3.23.jar;D:\software\Maven\Maven-Repository\org\springframework\boot\spring-boot-autoconfigure\2.7.5\spring-boot-autoconfigure-2.7.5.jar;D:\software\Maven\Maven-Repository\org\springframework\boot\spring-boot-starter-logging\2.7.5\spring-boot-starter-logging-2.7.5.jar;D:\software\Maven\Maven-Repository\ch\qos\logback\logback-classic\1.2.11\logback-classic-1.2.11.jar;D:\software\Maven\Maven-Repository\ch\qos\logback\logback-core\1.2.11\logback-core-1.2.11.jar;D:\software\Maven\Maven-Repository\org\apache\logging\log4j\log4j-to-slf4j\2.17.2\log4j-to-slf4j-2.17.2.jar;D:\software\Maven\Maven-Repository\org\apache\logging\log4j\log4j-api\2.17.2\log4j-api-2.17.2.jar;D:\software\Maven\Maven-Repository\org\slf4j\jul-to-slf4j\1.7.36\jul-to-slf4j-1.7.36.jar;D:\software\Maven\Maven-Repository\jakarta\annotation\jakarta.annotation-api\1.3.5\jakarta.annotation-api-1.3.5.jar;D:\software\Maven\Maven-Repository\org\springframework\spring-core\5.3.23\spring-core-5.3.23.jar;D:\software\Maven\Maven-Repository\org\springframework\spring-jcl\5.3.23\spring-jcl-5.3.23.jar;D:\software\Maven\Maven-Repository\org\yaml\snakeyaml\1.30\snakeyaml-1.30.jar;D:\software\Maven\Maven-Repository\org\springframework\boot\spring-boot-starter-test\2.7.5\spring-boot-starter-test-2.7.5.jar;D:\software\Maven\Maven-Repository\org\springframework\boot\spring-boot-test\2.7.5\spring-boot-test-2.7.5.jar;D:\software\Maven\Maven-Repository\org\springframework\boot\spring-boot-test-autoconfigure\2.7.5\spring-boot-test-autoconfigure-2.7.5.jar;D:\software\Maven\Maven-Repository\com\jayway\jsonpath\json-path\2.7.0\json-path-2.7.0.jar;D:\software\Maven\Maven-Repository\net\minidev\json-smart\2.4.8\json-smart-2.4.8.jar;D:\software\Maven\Maven-Repository\net\minidev\accessors-smart\2.4.8\accessors-smart-2.4.8.jar;D:\software\Maven\Maven-Repository\jakarta\xml\bind\jakarta.xml.bind-api\2.3.3\jakarta.xml.bind-api-2.3.3.jar;D:\software\Maven\Maven-Repository\jakarta\activation\jakarta.activation-api\1.2.2\jakarta.activation-api-1.2.2.jar;D:\software\Maven\Maven-Repository\org\assertj\assertj-core\3.22.0\assertj-core-3.22.0.jar;D:\software\Maven\Maven-Repository\org\hamcrest\hamcrest\2.2\hamcrest-2.2.jar;D:\software\Maven\Maven-Repository\org\junit\jupiter\junit-jupiter\5.8.2\junit-jupiter-5.8.2.jar;D:\software\Maven\Maven-Repository\org\junit\jupiter\junit-jupiter-api\5.8.2\junit-jupiter-api-5.8.2.jar;D:\software\Maven\Maven-Repository\org\opentest4j\opentest4j\1.2.0\opentest4j-1.2.0.jar;D:\software\Maven\Maven-Repository\org\junit\platform\junit-platform-commons\1.8.2\junit-platform-commons-1.8.2.jar;D:\software\Maven\Maven-Repository\org\apiguardian\apiguardian-api\1.1.2\apiguardian-api-1.1.2.jar;D:\software\Maven\Maven-Repository\org\junit\jupiter\junit-jupiter-params\5.8.2\junit-jupiter-params-5.8.2.jar;D:\software\Maven\Maven-Repository\org\junit\jupiter\junit-jupiter-engine\5.8.2\junit-jupiter-engine-5.8.2.jar;D:\software\Maven\Maven-Repository\org\junit\platform\junit-platform-engine\1.8.2\junit-platform-engine-1.8.2.jar;D:\software\Maven\Maven-Repository\org\mockito\mockito-core\4.0.0\mockito-core-4.0.0.jar;D:\software\Maven\Maven-Repository\net\bytebuddy\byte-buddy\1.12.18\byte-buddy-1.12.18.jar;D:\software\Maven\Maven-Repository\net\bytebuddy\byte-buddy-agent\1.12.18\byte-buddy-agent-1.12.18.jar;D:\software\Maven\Maven-Repository\org\objenesis\objenesis\3.2\objenesis-3.2.jar;D:\software\Maven\Maven-Repository\org\mockito\mockito-junit-jupiter\4.0.0\mockito-junit-jupiter-4.0.0.jar;D:\software\Maven\Maven-Repository\org\skyscreamer\jsonassert\1.5.1\jsonassert-1.5.1.jar;D:\software\Maven\Maven-Repository\com\vaadin\external\google\android-json\0.0.20131108.vaadin1\android-json-0.0.20131108.vaadin1.jar;D:\software\Maven\Maven-Repository\org\springframework\spring-test\5.3.23\spring-test-5.3.23.jar;D:\software\Maven\Maven-Repository\org\xmlunit\xmlunit-core\2.9.0\xmlunit-core-2.9.0.jar;D:\software\Maven\Maven-Repository\org\springframework\boot\spring-boot-starter-web\2.7.5\spring-boot-starter-web-2.7.5.jar;D:\software\Maven\Maven-Repository\org\springframework\boot\spring-boot-starter-json\2.7.5\spring-boot-starter-json-2.7.5.jar;D:\software\Maven\Maven-Repository\com\fasterxml\jackson\core\jackson-databind\2.13.4.2\jackson-databind-2.13.4.2.jar;D:\software\Maven\Maven-Repository\com\fasterxml\jackson\core\jackson-annotations\2.13.4\jackson-annotations-2.13.4.jar;D:\software\Maven\Maven-Repository\com\fasterxml\jackson\core\jackson-core\2.13.4\jackson-core-2.13.4.jar;D:\software\Maven\Maven-Repository\com\fasterxml\jackson\datatype\jackson-datatype-jdk8\2.13.4\jackson-datatype-jdk8-2.13.4.jar;D:\software\Maven\Maven-Repository\com\fasterxml\jackson\datatype\jackson-datatype-jsr310\2.13.4\jackson-datatype-jsr310-2.13.4.jar;D:\software\Maven\Maven-Repository\com\fasterxml\jackson\module\jackson-module-parameter-names\2.13.4\jackson-module-parameter-names-2.13.4.jar;D:\software\Maven\Maven-Repository\org\springframework\boot\spring-boot-starter-tomcat\2.7.5\spring-boot-starter-tomcat-2.7.5.jar;D:\software\Maven\Maven-Repository\org\apache\tomcat\embed\tomcat-embed-core\9.0.68\tomcat-embed-core-9.0.68.jar;D:\software\Maven\Maven-Repository\org\apache\tomcat\embed\tomcat-embed-el\9.0.68\tomcat-embed-el-9.0.68.jar;D:\software\Maven\Maven-Repository\org\apache\tomcat\embed\tomcat-embed-websocket\9.0.68\tomcat-embed-websocket-9.0.68.jar;D:\software\Maven\Maven-Repository\org\springframework\spring-web\5.3.23\spring-web-5.3.23.jar;D:\software\Maven\Maven-Repository\org\springframework\spring-beans\5.3.23\spring-beans-5.3.23.jar;D:\software\Maven\Maven-Repository\org\springframework\spring-webmvc\5.3.23\spring-webmvc-5.3.23.jar;D:\software\Maven\Maven-Repository\org\springframework\spring-aop\5.3.23\spring-aop-5.3.23.jar;D:\software\Maven\Maven-Repository\org\springframework\spring-expression\5.3.23\spring-expression-5.3.23.jar;D:\software\Maven\Maven-Repository\mysql\mysql-connector-java\8.0.30\mysql-connector-java-8.0.30.jar;D:\software\Maven\Maven-Repository\org\projectlombok\lombok\1.18.24\lombok-1.18.24.jar;D:\software\Maven\Maven-Repository\com\baomidou\mybatis-plus-boot-starter\3.5.0\mybatis-plus-boot-starter-3.5.0.jar;D:\software\Maven\Maven-Repository\com\baomidou\mybatis-plus\3.5.0\mybatis-plus-3.5.0.jar;D:\software\Maven\Maven-Repository\com\baomidou\mybatis-plus-extension\3.5.0\mybatis-plus-extension-3.5.0.jar;D:\software\Maven\Maven-Repository\com\baomidou\mybatis-plus-core\3.5.0\mybatis-plus-core-3.5.0.jar;D:\software\Maven\Maven-Repository\com\baomidou\mybatis-plus-annotation\3.5.0\mybatis-plus-annotation-3.5.0.jar;D:\software\Maven\Maven-Repository\com\github\jsqlparser\jsqlparser\4.3\jsqlparser-4.3.jar;D:\software\Maven\Maven-Repository\org\mybatis\mybatis\3.5.9\mybatis-3.5.9.jar;D:\software\Maven\Maven-Repository\org\mybatis\mybatis-spring\2.0.6\mybatis-spring-2.0.6.jar;D:\software\Maven\Maven-Repository\org\springframework\boot\spring-boot-starter-jdbc\2.7.5\spring-boot-starter-jdbc-2.7.5.jar;D:\software\Maven\Maven-Repository\com\zaxxer\HikariCP\4.0.3\HikariCP-4.0.3.jar;D:\software\Maven\Maven-Repository\org\springframework\spring-jdbc\5.3.23\spring-jdbc-5.3.23.jar;D:\software\Maven\Maven-Repository\org\springframework\spring-tx\5.3.23\spring-tx-5.3.23.jar;D:\software\Maven\Maven-Repository\org\freemarker\freemarker\2.3.30\freemarker-2.3.30.jar;D:\software\Maven\Maven-Repository\com\spring4all\spring-boot-starter-swagger\1.5.1.RELEASE\spring-boot-starter-swagger-1.5.1.RELEASE.jar;D:\software\Maven\Maven-Repository\io\springfox\springfox-swagger-ui\2.7.0\springfox-swagger-ui-2.7.0.jar;D:\software\Maven\Maven-Repository\io\springfox\springfox-spring-web\2.7.0\springfox-spring-web-2.7.0.jar;D:\software\Maven\Maven-Repository\org\reflections\reflections\0.9.11\reflections-0.9.11.jar;D:\software\Maven\Maven-Repository\org\javassist\javassist\3.21.0-GA\javassist-3.21.0-GA.jar;D:\software\Maven\Maven-Repository\io\springfox\springfox-swagger2\2.7.0\springfox-swagger2-2.7.0.jar;D:\software\Maven\Maven-Repository\io\swagger\swagger-annotations\1.5.13\swagger-annotations-1.5.13.jar;D:\software\Maven\Maven-Repository\io\swagger\swagger-models\1.5.13\swagger-models-1.5.13.jar;D:\software\Maven\Maven-Repository\io\springfox\springfox-spi\2.7.0\springfox-spi-2.7.0.jar;D:\software\Maven\Maven-Repository\io\springfox\springfox-core\2.7.0\springfox-core-2.7.0.jar;D:\software\Maven\Maven-Repository\io\springfox\springfox-schema\2.7.0\springfox-schema-2.7.0.jar;D:\software\Maven\Maven-Repository\io\springfox\springfox-swagger-common\2.7.0\springfox-swagger-common-2.7.0.jar;D:\software\Maven\Maven-Repository\com\google\guava\guava\18.0\guava-18.0.jar;D:\software\Maven\Maven-Repository\com\fasterxml\classmate\1.5.1\classmate-1.5.1.jar;D:\software\Maven\Maven-Repository\org\springframework\plugin\spring-plugin-core\1.2.0.RELEASE\spring-plugin-core-1.2.0.RELEASE.jar;D:\software\Maven\Maven-Repository\org\springframework\plugin\spring-plugin-metadata\1.2.0.RELEASE\spring-plugin-metadata-1.2.0.RELEASE.jar;D:\software\Maven\Maven-Repository\org\mapstruct\mapstruct\1.1.0.Final\mapstruct-1.1.0.Final.jar;D:\software\Maven\Maven-Repository\io\springfox\springfox-bean-validators\2.7.0\springfox-bean-validators-2.7.0.jar;D:\software\Maven\Maven-Repository\com\alibaba\easyexcel\2.2.6\easyexcel-2.2.6.jar;D:\software\Maven\Maven-Repository\org\apache\poi\poi\3.17\poi-3.17.jar;D:\software\Maven\Maven-Repository\org\apache\commons\commons-collections4\4.1\commons-collections4-4.1.jar;D:\software\Maven\Maven-Repository\org\apache\poi\poi-ooxml\3.17\poi-ooxml-3.17.jar;D:\software\Maven\Maven-Repository\com\github\virtuald\curvesapi\1.04\curvesapi-1.04.jar;D:\software\Maven\Maven-Repository\org\apache\poi\poi-ooxml-schemas\3.17\poi-ooxml-schemas-3.17.jar;D:\software\Maven\Maven-Repository\org\apache\xmlbeans\xmlbeans\2.6.0\xmlbeans-2.6.0.jar;D:\software\Maven\Maven-Repository\stax\stax-api\1.0.1\stax-api-1.0.1.jar;D:\software\Maven\Maven-Repository\cglib\cglib\3.1\cglib-3.1.jar;D:\software\Maven\Maven-Repository\org\ow2\asm\asm\4.2\asm-4.2.jar;D:\software\Maven\Maven-Repository\org\slf4j\slf4j-api\1.7.36\slf4j-api-1.7.36.jar;D:\software\Maven\Maven-Repository\org\ehcache\ehcache\3.10.2\ehcache-3.10.2.jar;D:\software\Maven\Maven-Repository\javax\cache\cache-api\1.1.1\cache-api-1.1.1.jar;D:\software\Maven\Maven-Repository\org\glassfish\jaxb\jaxb-runtime\2.3.7\jaxb-runtime-2.3.7.jar;D:\software\Maven\Maven-Repository\org\glassfish\jaxb\txw2\2.3.7\txw2-2.3.7.jar;D:\software\Maven\Maven-Repository\com\sun\istack\istack-commons-runtime\3.0.12\istack-commons-runtime-3.0.12.jar;D:\software\Maven\Maven-Repository\com\sun\activation\jakarta.activation\1.2.2\jakarta.activation-1.2.2.jar;D:\software\Maven\Maven-Repository\javax\servlet\servlet-api\2.5\servlet-api-2.5.jar;D:\software\Maven\Maven-Repository\org\apache\httpcomponents\httpclient\4.5.13\httpclient-4.5.13.jar;D:\software\Maven\Maven-Repository\commons-codec\commons-codec\1.15\commons-codec-1.15.jar;D:\software\Maven\Maven-Repository\org\apache\httpcomponents\httpcore\4.4.15\httpcore-4.4.15.jar;D:\software\Maven\Maven-Repository\com\alibaba\fastjson\1.2.74\fastjson-1.2.74.jar;D:\software\Maven\Maven-Repository\org\apache\commons\commons-lang3\3.12.0\commons-lang3-3.12.0.jar;"/>
    <property name="sun.cpu.endian" value="little"/>
    <property name="user.home" value="C:\Users\Administrator"/>
    <property name="user.language" value="zh"/>
    <property name="java.specification.vendor" value="Oracle Corporation"/>
    <property name="java.home" value="D:\software\JDK\jre"/>
    <property name="basedir" value="D:\IdeaProjects\WarehouseManager\UserPaidOrderApi - idea"/>
    <property name="file.separator" value="\"/>
    <property name="line.separator" value="&#10;"/>
    <property name="java.vm.specification.vendor" value="Oracle Corporation"/>
    <property name="java.specification.name" value="Java Platform API Specification"/>
    <property name="java.awt.graphicsenv" value="sun.awt.Win32GraphicsEnvironment"/>
    <property name="surefire.real.class.path" value="C:\Users\ADMINI~1\AppData\Local\Temp\surefire3944147490205580607\surefirebooter5768028453052075336.jar"/>
    <property name="sun.boot.class.path" value="D:\software\JDK\jre\lib\resources.jar;D:\software\JDK\jre\lib\rt.jar;D:\software\JDK\jre\lib\sunrsasign.jar;D:\software\JDK\jre\lib\jsse.jar;D:\software\JDK\jre\lib\jce.jar;D:\software\JDK\jre\lib\charsets.jar;D:\software\JDK\jre\lib\jfr.jar;D:\software\JDK\jre\classes"/>
    <property name="user.script" value=""/>
    <property name="sun.management.compiler" value="HotSpot 64-Bit Tiered Compilers"/>
    <property name="java.runtime.version" value="1.8.0_131-b11"/>
    <property name="user.name" value="Administrator"/>
    <property name="path.separator" value=";"/>
    <property name="os.version" value="10.0"/>
    <property name="java.endorsed.dirs" value="D:\software\JDK\jre\lib\endorsed"/>
    <property name="java.runtime.name" value="Java(TM) SE Runtime Environment"/>
    <property name="file.encoding" value="GBK"/>
    <property name="java.vm.name" value="Java HotSpot(TM) 64-Bit Server VM"/>
    <property name="idea.version2020.1" value="true"/>
    <property name="localRepository" value="D:\software\Maven\Maven-Repository"/>
    <property name="java.vendor.url.bug" value="http://bugreport.sun.com/bugreport/"/>
    <property name="java.io.tmpdir" value="C:\Users\ADMINI~1\AppData\Local\Temp\"/>
    <property name="java.version" value="1.8.0_131"/>
    <property name="user.dir" value="D:\IdeaProjects\WarehouseManager\UserPaidOrderApi - idea"/>
    <property name="os.arch" value="amd64"/>
    <property name="java.vm.specification.name" value="Java Virtual Machine Specification"/>
    <property name="java.awt.printerjob" value="sun.awt.windows.WPrinterJob"/>
    <property name="sun.os.patch.level" value=""/>
    <property name="java.library.path" value="D:\software\JDK\jre\bin;C:\Windows\Sun\Java\bin;C:\Windows\system32;C:\Windows;C:\Program Files\Common Files\Oracle\Java\javapath;C:\ProgramData\Oracle\Java\javapath;C:\Windows\system32;C:\Windows;C:\Windows\System32\Wbem;C:\Windows\System32\WindowsPowerShell\v1.0\;C:\Windows\System32\OpenSSH\;C:\Program Files (x86)\NVIDIA Corporation\PhysX\Common;C:\Program Files\NVIDIA Corporation\NVIDIA NvDLISR;D:\software\JDK\java\bin;D:\software\Xshell\;D:\software\node\;D:\software\Stable\Tencent\微信web开发者工具\dll;D:\software\JDK17\jdk-17\bin;C:\Users\Administrator\AppData\Local\Microsoft\WindowsApps;C:\Users\Administrator\AppData\Roaming\npm;."/>
    <property name="java.vm.info" value="mixed mode"/>
    <property name="java.vendor" value="Oracle Corporation"/>
    <property name="java.vm.version" value="25.131-b11"/>
    <property name="java.ext.dirs" value="D:\software\JDK\jre\lib\ext;C:\Windows\Sun\Java\lib\ext"/>
    <property name="sun.io.unicode.encoding" value="UnicodeLittle"/>
    <property name="maven.repo.local" value="D:\software\Maven\Maven-Repository"/>
    <property name="java.class.version" value="52.0"/>
  </properties>
  <testcase name="contextLoads" classname="com.rabbiter.UserPaidOrderApplicationTests" time="0.205"/>
</testsuite>